<?xml version="1.0" encoding="UTF-8"?>
<!-- Generated by org.testng.reporters.JUnitXMLReporter -->
<testsuite hostname="DESKTOP-UOFAM8G" ignored="0" name="Stock Symbols Verifications Tests" tests="2" failures="0" timestamp="2023-04-11T12:54:45 EDT" time="3.644" errors="0">
  <testcase name="googleFinancePageTitleVerificationTest" time="0.924" classname="com.google.finance.tests.GoogleFinancePageTests"/>
  <testcase name="testGoogleFinanceStockSymbols" time="0.205" classname="com.google.finance.tests.GoogleFinancePageTests"/>
</testsuite> <!-- Stock Symbols Verifications Tests -->
