<?xml version="1.0" encoding="UTF-8"?>
<testsuite xmlns:xsi="http://www.w3.org/2001/XMLSchema-instance" xsi:noNamespaceSchemaLocation="https://maven.apache.org/surefire/maven-surefire-plugin/xsd/surefire-test-report-3.0.xsd" version="3.0" name="TestSuite" time="9.189" tests="2" errors="0" skipped="0" failures="0">
  <properties>
[...]
</properties>
  <testcase name="googleFinancePageTitleVerificationTest" classname="com.google.finance.tests.GoogleFinancePageTests" time="0.925">
    <system-out><![CDATA[The actual title of the current page is: Google Finance - Stock Market Prices, Real-time Quotes & Business News
]]></system-out>
    <system-err><![CDATA[[main] INFO com.google.finance.utilities.Driver - Setting up Chrome driver.
[main] INFO io.github.bonigarcia.wdm.WebDriverManager - Using chromedriver 111.0.5563.64 (resolved driver for Chrome 111)
[main] INFO io.github.bonigarcia.wdm.WebDriverManager - Exporting webdriver.chrome.driver as C:\Users\vince\.cache\selenium\chromedriver\win32\111.0.5563.64\chromedriver.exe
Starting ChromeDriver 111.0.5563.64 (c710e93d5b63b7095afe8c2c17df34408078439d-refs/branch-heads/5563@{#995}) on port 46429
Only local connections are allowed.
Please see https://chromedriver.chromium.org/security-considerations for suggestions on keeping ChromeDriver safe.
ChromeDriver was started successfully.
Apr 11, 2023 12:54:41 PM org.openqa.selenium.remote.ProtocolHandshake createSession
INFO: Detected dialect: W3C
[main] INFO com.google.finance.utilities.Driver - New Chrome driver is set.
[main] INFO com.google.finance.tests.TestBase - Launching the Google Finance Application.
[main] INFO com.google.finance.tests.TestBase - Navigated to the Google Finance page.
[main] INFO com.google.finance.utilities.BrowserUtils - Waiting for page to load...
[main] INFO com.google.finance.utilities.BrowserUtils - Waiting for page to load...
[main] INFO com.google.finance.tests.TestBase - The Title of the current page is Google Finance - Stock Market Prices, Real-time Quotes & Business News
[main] INFO com.google.finance.utilities.BrowserUtils - Waiting for page to load...
[main] INFO com.google.finance.utilities.BrowserUtils - Waiting for page to load...
[main] INFO com.google.finance.tests.GoogleFinancePageTests - The expected title of the current page is: Google Finance - Stock Market Prices, Real-time Quotes & Business News
[main] INFO com.google.finance.pages.BasePage - Waiting for page to load...
[main] INFO com.google.finance.utilities.BrowserUtils - Waiting for page to load...
[main] INFO com.google.finance.utilities.BrowserUtils - Waiting for page to load...
[main] INFO com.google.finance.pages.BasePage - The Title of the current page is Google Finance - Stock Market Prices, Real-time Quotes & Business News
[main] INFO com.google.finance.tests.GoogleFinancePageTests - The actual title of the current page is: Google Finance - Stock Market Prices, Real-time Quotes & Business News
]]></system-err>
  </testcase>
  <testcase name="testGoogleFinanceStockSymbols" classname="com.google.finance.tests.GoogleFinancePageTests" time="0.215">
    <system-out><![CDATA[The retrieved stock symbols listed under the section 'You may be interested in info' are as follows: [AMZN, MSFT, F, BABA, TSLA, INDEX]
The Stock symbols that are in (3) but not in expectedStockSymbols are: [AMZN, F, BABA, INDEX]
The Stock symbols that are in expectedStockSymbols but are not in (3) are: [NFLX]
]]></system-out>
    <system-err><![CDATA[[main] INFO com.google.finance.pages.GoogleFinancePage - The list of stock symbols in the 'You may be interested in info' section on the Google Finance page is as follows: [AMZN, MSFT, F, BABA, TSLA, INDEX]
[main] INFO com.google.finance.tests.GoogleFinancePageTests - The retrieved stock symbols listed under the section 'You may be interested in info' are as follows: [AMZN, MSFT, F, BABA, TSLA, INDEX]
[main] INFO com.google.finance.tests.GoogleFinancePageTests - The Stock symbols that are in (3) but not in expectedStockSymbols are: [AMZN, F, BABA, INDEX]
[main] INFO com.google.finance.tests.GoogleFinancePageTests - The Stock symbols that are in expectedStockSymbols but are not in (3) are: [NFLX]
]]></system-err>
  </testcase>
</testsuite>