<?xml version="1.0" encoding="UTF-8"?>
<!-- Generated by org.testng.reporters.JUnitXMLReporter -->
<testsuite hostname="DESKTOP-UOFAM8G" ignored="0" name="Command line test" tests="2" failures="0" timestamp="2023-04-11T12:43:14 EDT" time="21.442" errors="0">
  <testcase name="googleFinancePageTitleVerificationTest" time="0.662" classname="com.google.finance.tests.GoogleFinancePageTests"/>
  <testcase name="testGoogleFinanceStockSymbols" time="0.156" classname="com.google.finance.tests.GoogleFinancePageTests"/>
</testsuite> <!-- Command line test -->
